d:\seraph\bridge-core\bridgesdk_samples\bridgesdk_cmdsampleapp\bridgesdk_cmdsampleapp\x64\debug\vcpkg.applocal.log
d:\seraph\bridge-core\bridgesdk_samples\bridgesdk_cmdsampleapp\x64\debug\libeay32.dll
d:\seraph\bridge-core\bridgesdk_samples\bridgesdk_cmdsampleapp\x64\debug\libuv.dll
d:\seraph\bridge-core\bridgesdk_samples\bridgesdk_cmdsampleapp\x64\debug\ssleay32.dll
d:\seraph\bridge-core\bridgesdk_samples\bridgesdk_cmdsampleapp\x64\debug\zlibd1.dll
d:\seraph\bridge-core\bridgesdk_samples\bridgesdk_cmdsampleapp\bridgesdk_cmdsampleapp\x64\debug\bridgesdk_cmdsampleapp.pch
d:\seraph\bridge-core\bridgesdk_samples\bridgesdk_cmdsampleapp\bridgesdk_cmdsampleapp\x64\debug\vc140.pdb
d:\seraph\bridge-core\bridgesdk_samples\bridgesdk_cmdsampleapp\bridgesdk_cmdsampleapp\x64\debug\vc140.idb
d:\seraph\bridge-core\bridgesdk_samples\bridgesdk_cmdsampleapp\bridgesdk_cmdsampleapp\x64\debug\stdafx.obj
d:\seraph\bridge-core\bridgesdk_samples\bridgesdk_cmdsampleapp\bridgesdk_cmdsampleapp\x64\debug\bridgesdk_cmdsampleapp.obj
d:\seraph\bridge-core\bridgesdk_samples\bridgesdk_cmdsampleapp\x64\debug\bridgesdk_cmdsampleapp.ilk
d:\seraph\bridge-core\bridgesdk_samples\bridgesdk_cmdsampleapp\x64\debug\bridgesdk_cmdsampleapp.exe
d:\seraph\bridge-core\bridgesdk_samples\bridgesdk_cmdsampleapp\x64\debug\bridgesdk_cmdsampleapp.pdb
d:\seraph\bridge-core\bridgesdk_samples\bridgesdk_cmdsampleapp\bridgesdk_cmdsampleapp\x64\debug\bridgesd.02d5a7fd.tlog\bridgesdk_cmdsampleapp.write.1u.tlog
d:\seraph\bridge-core\bridgesdk_samples\bridgesdk_cmdsampleapp\bridgesdk_cmdsampleapp\x64\debug\bridgesd.02d5a7fd.tlog\cl.command.1.tlog
d:\seraph\bridge-core\bridgesdk_samples\bridgesdk_cmdsampleapp\bridgesdk_cmdsampleapp\x64\debug\bridgesd.02d5a7fd.tlog\cl.read.1.tlog
d:\seraph\bridge-core\bridgesdk_samples\bridgesdk_cmdsampleapp\bridgesdk_cmdsampleapp\x64\debug\bridgesd.02d5a7fd.tlog\cl.write.1.tlog
d:\seraph\bridge-core\bridgesdk_samples\bridgesdk_cmdsampleapp\bridgesdk_cmdsampleapp\x64\debug\bridgesd.02d5a7fd.tlog\link.command.1.tlog
d:\seraph\bridge-core\bridgesdk_samples\bridgesdk_cmdsampleapp\bridgesdk_cmdsampleapp\x64\debug\bridgesd.02d5a7fd.tlog\link.read.1.tlog
d:\seraph\bridge-core\bridgesdk_samples\bridgesdk_cmdsampleapp\bridgesdk_cmdsampleapp\x64\debug\bridgesd.02d5a7fd.tlog\link.write.1.tlog
